<?xml version="1.0" encoding="UTF-8"?>
<testng-results ignored="0" total="1" passed="1" failed="0" skipped="0">
  <reporter-output>
  </reporter-output>
  <suite started-at="2026-02-13T08:32:30 CST" name="Default suite" finished-at="2026-02-13T08:32:35 CST" duration-ms="4832">
    <groups>
    </groups>
    <test started-at="2026-02-13T08:32:30 CST" name="Default test" finished-at="2026-02-13T08:32:35 CST" duration-ms="4832">
      <class name="DropdownTest">
        <test-method is-config="true" signature="setup()[pri:0, instance:DropdownTest@477b4cdf]" started-at="2026-02-13T08:32:30 CST" name="setup" finished-at="2026-02-13T08:32:33 CST" duration-ms="3245" status="PASS">
          <reporter-output>
          </reporter-output>
        </test-method> <!-- setup -->
        <test-method signature="dropdownSelectionTest()[pri:0, instance:DropdownTest@477b4cdf]" started-at="2026-02-13T08:32:33 CST" name="dropdownSelectionTest" finished-at="2026-02-13T08:32:35 CST" duration-ms="1294" status="PASS">
          <reporter-output>
          </reporter-output>
        </test-method> <!-- dropdownSelectionTest -->
        <test-method is-config="true" signature="tearDown()[pri:0, instance:DropdownTest@477b4cdf]" started-at="2026-02-13T08:32:35 CST" name="tearDown" finished-at="2026-02-13T08:32:35 CST" duration-ms="253" status="PASS">
          <reporter-output>
          </reporter-output>
        </test-method> <!-- tearDown -->
      </class> <!-- DropdownTest -->
    </test> <!-- Default test -->
  </suite> <!-- Default suite -->
</testng-results>
