<?xml version="1.0" encoding="UTF-8"?>
<testng-results ignored="0" total="3" passed="3" failed="0" skipped="0">
  <reporter-output>
  </reporter-output>
  <suite started-at="2026-01-18T09:20:43 CST" name="Default suite" finished-at="2026-01-18T09:20:54 CST" duration-ms="11173">
    <groups>
    </groups>
    <test started-at="2026-01-18T09:20:43 CST" name="Default test" finished-at="2026-01-18T09:20:54 CST" duration-ms="11173">
      <class name="Data_Driven_eg">
        <test-method is-config="true" signature="setup()[pri:0, instance:Data_Driven_eg@4d1c00d0]" started-at="2026-01-18T09:20:43 CST" name="setup" finished-at="2026-01-18T09:20:46 CST" duration-ms="3383" status="PASS">
          <reporter-output>
          </reporter-output>
        </test-method> <!-- setup -->
        <test-method signature="fillForm(java.lang.String,java.lang.String,java.lang.String,java.lang.String,java.lang.String)[pri:0, instance:Data_Driven_eg@4d1c00d0]" started-at="2026-01-18T09:20:46 CST" name="fillForm" data-provider="formData" finished-at="2026-01-18T09:20:48 CST" duration-ms="1651" status="PASS">
          <params>
            <param index="0">
              <value>
                <![CDATA[Tom]]>
              </value>
            </param>
            <param index="1">
              <value>
                <![CDATA[Wood]]>
              </value>
            </param>
            <param index="2">
              <value>
                <![CDATA[tom@gmail.com]]>
              </value>
            </param>
            <param index="3">
              <value>
                <![CDATA[Male]]>
              </value>
            </param>
            <param index="4">
              <value>
                <![CDATA[9876543210]]>
              </value>
            </param>
          </params>
          <reporter-output>
          </reporter-output>
        </test-method> <!-- fillForm -->
        <test-method is-config="true" signature="tearDown()[pri:0, instance:Data_Driven_eg@4d1c00d0]" started-at="2026-01-18T09:20:48 CST" name="tearDown" finished-at="2026-01-18T09:20:48 CST" duration-ms="268" status="PASS">
          <reporter-output>
          </reporter-output>
        </test-method> <!-- tearDown -->
        <test-method is-config="true" signature="setup()[pri:0, instance:Data_Driven_eg@4d1c00d0]" started-at="2026-01-18T09:20:48 CST" name="setup" finished-at="2026-01-18T09:20:50 CST" duration-ms="1399" status="PASS">
          <reporter-output>
          </reporter-output>
        </test-method> <!-- setup -->
        <test-method signature="fillForm(java.lang.String,java.lang.String,java.lang.String,java.lang.String,java.lang.String)[pri:0, instance:Data_Driven_eg@4d1c00d0]" started-at="2026-01-18T09:20:50 CST" name="fillForm" data-provider="formData" finished-at="2026-01-18T09:20:51 CST" duration-ms="966" status="PASS">
          <params>
            <param index="0">
              <value>
                <![CDATA[Sara]]>
              </value>
            </param>
            <param index="1">
              <value>
                <![CDATA[Lee]]>
              </value>
            </param>
            <param index="2">
              <value>
                <![CDATA[sara@gmail.com]]>
              </value>
            </param>
            <param index="3">
              <value>
                <![CDATA[Female]]>
              </value>
            </param>
            <param index="4">
              <value>
                <![CDATA[9876501234]]>
              </value>
            </param>
          </params>
          <reporter-output>
          </reporter-output>
        </test-method> <!-- fillForm -->
        <test-method is-config="true" signature="tearDown()[pri:0, instance:Data_Driven_eg@4d1c00d0]" started-at="2026-01-18T09:20:51 CST" name="tearDown" finished-at="2026-01-18T09:20:51 CST" duration-ms="210" status="PASS">
          <reporter-output>
          </reporter-output>
        </test-method> <!-- tearDown -->
        <test-method is-config="true" signature="setup()[pri:0, instance:Data_Driven_eg@4d1c00d0]" started-at="2026-01-18T09:20:51 CST" name="setup" finished-at="2026-01-18T09:20:53 CST" duration-ms="1839" status="PASS">
          <reporter-output>
          </reporter-output>
        </test-method> <!-- setup -->
        <test-method signature="fillForm(java.lang.String,java.lang.String,java.lang.String,java.lang.String,java.lang.String)[pri:0, instance:Data_Driven_eg@4d1c00d0]" started-at="2026-01-18T09:20:53 CST" name="fillForm" data-provider="formData" finished-at="2026-01-18T09:20:54 CST" duration-ms="1156" status="PASS">
          <params>
            <param index="0">
              <value>
                <![CDATA[John]]>
              </value>
            </param>
            <param index="1">
              <value>
                <![CDATA[Smith]]>
              </value>
            </param>
            <param index="2">
              <value>
                <![CDATA[john@gmail.com]]>
              </value>
            </param>
            <param index="3">
              <value>
                <![CDATA[Male]]>
              </value>
            </param>
            <param index="4">
              <value>
                <![CDATA[9876598765]]>
              </value>
            </param>
          </params>
          <reporter-output>
          </reporter-output>
        </test-method> <!-- fillForm -->
        <test-method is-config="true" signature="tearDown()[pri:0, instance:Data_Driven_eg@4d1c00d0]" started-at="2026-01-18T09:20:54 CST" name="tearDown" finished-at="2026-01-18T09:20:54 CST" duration-ms="245" status="PASS">
          <reporter-output>
          </reporter-output>
        </test-method> <!-- tearDown -->
      </class> <!-- Data_Driven_eg -->
    </test> <!-- Default test -->
  </suite> <!-- Default suite -->
</testng-results>
